{"/Users/zhouhuanxiang/WebstormProjects/WeLearn/routes/student/login.js":{"path":"/Users/zhouhuanxiang/WebstormProjects/WeLearn/routes/student/login.js","s":{"1":1,"2":1,"3":1,"4":1,"5":1,"6":1,"7":1,"8":1,"9":1,"10":1,"11":3,"12":3,"13":1,"14":1,"15":2,"16":1,"17":1,"18":1,"19":0,"20":0,"21":0,"22":0,"23":0,"24":0,"25":0,"26":0,"27":0,"28":0,"29":0,"30":0,"31":0,"32":0,"33":0,"34":0,"35":0,"36":0,"37":0,"38":0,"39":0,"40":0,"41":0,"42":0,"43":0,"44":0,"45":0,"46":0,"47":1,"48":1,"49":1,"50":1,"51":0,"52":0,"53":1,"54":0,"55":0,"56":0,"57":0,"58":0,"59":0,"60":0,"61":0,"62":0,"63":1,"64":1},"b":{"1":[1,2],"2":[1,1],"3":[0,0],"4":[0,0],"5":[0,0],"6":[0,0],"7":[0,0],"8":[0,1],"9":[0,1],"10":[0,0]},"f":{"1":3,"2":3,"3":0,"4":0,"5":0,"6":0,"7":0,"8":1,"9":1,"10":0},"fnMap":{"1":{"name":"(anonymous_1)","line":46,"loc":{"start":{"line":46,"column":16},"end":{"line":46,"column":42}}},"2":{"name":"(anonymous_2)","line":47,"loc":{"start":{"line":47,"column":48},"end":{"line":47,"column":68}}},"3":{"name":"updateCourseDb","line":65,"loc":{"start":{"line":65,"column":0},"end":{"line":65,"column":33}}},"4":{"name":"(anonymous_4)","line":72,"loc":{"start":{"line":72,"column":5},"end":{"line":72,"column":38}}},"5":{"name":"(anonymous_5)","line":77,"loc":{"start":{"line":77,"column":7},"end":{"line":77,"column":20}}},"6":{"name":"(anonymous_6)","line":78,"loc":{"start":{"line":78,"column":56},"end":{"line":78,"column":76}}},"7":{"name":"(anonymous_7)","line":103,"loc":{"start":{"line":103,"column":46},"end":{"line":103,"column":70}}},"8":{"name":"(anonymous_8)","line":114,"loc":{"start":{"line":114,"column":35},"end":{"line":114,"column":61}}},"9":{"name":"(anonymous_9)","line":126,"loc":{"start":{"line":126,"column":5},"end":{"line":126,"column":36}}},"10":{"name":"(anonymous_10)","line":147,"loc":{"start":{"line":147,"column":22},"end":{"line":147,"column":37}}}},"statementMap":{"1":{"start":{"line":34,"column":0},"end":{"line":34,"column":39}},"2":{"start":{"line":35,"column":0},"end":{"line":35,"column":33}},"3":{"start":{"line":36,"column":0},"end":{"line":36,"column":40}},"4":{"start":{"line":37,"column":0},"end":{"line":37,"column":33}},"5":{"start":{"line":38,"column":0},"end":{"line":38,"column":27}},"6":{"start":{"line":39,"column":0},"end":{"line":39,"column":30}},"7":{"start":{"line":40,"column":0},"end":{"line":40,"column":46}},"8":{"start":{"line":41,"column":0},"end":{"line":41,"column":44}},"9":{"start":{"line":43,"column":0},"end":{"line":43,"column":66}},"10":{"start":{"line":46,"column":0},"end":{"line":63,"column":3}},"11":{"start":{"line":47,"column":2},"end":{"line":62,"column":5}},"12":{"start":{"line":48,"column":4},"end":{"line":51,"column":5}},"13":{"start":{"line":49,"column":6},"end":{"line":49,"column":16}},"14":{"start":{"line":50,"column":6},"end":{"line":50,"column":13}},"15":{"start":{"line":52,"column":4},"end":{"line":61,"column":5}},"16":{"start":{"line":53,"column":6},"end":{"line":55,"column":9}},"17":{"start":{"line":58,"column":6},"end":{"line":60,"column":9}},"18":{"start":{"line":65,"column":0},"end":{"line":112,"column":1}},"19":{"start":{"line":66,"column":2},"end":{"line":66,"column":49}},"20":{"start":{"line":67,"column":2},"end":{"line":111,"column":5}},"21":{"start":{"line":73,"column":4},"end":{"line":73,"column":43}},"22":{"start":{"line":74,"column":4},"end":{"line":74,"column":25}},"23":{"start":{"line":75,"column":4},"end":{"line":102,"column":5}},"24":{"start":{"line":76,"column":6},"end":{"line":76,"column":46}},"25":{"start":{"line":77,"column":6},"end":{"line":101,"column":12}},"26":{"start":{"line":78,"column":8},"end":{"line":100,"column":10}},"27":{"start":{"line":79,"column":10},"end":{"line":79,"column":36}},"28":{"start":{"line":79,"column":19},"end":{"line":79,"column":36}},"29":{"start":{"line":80,"column":10},"end":{"line":99,"column":11}},"30":{"start":{"line":81,"column":12},"end":{"line":87,"column":13}},"31":{"start":{"line":82,"column":14},"end":{"line":82,"column":81}},"32":{"start":{"line":83,"column":14},"end":{"line":83,"column":25}},"33":{"start":{"line":85,"column":14},"end":{"line":85,"column":81}},"34":{"start":{"line":86,"column":14},"end":{"line":86,"column":25}},"35":{"start":{"line":89,"column":12},"end":{"line":91,"column":14}},"36":{"start":{"line":92,"column":12},"end":{"line":96,"column":13}},"37":{"start":{"line":93,"column":14},"end":{"line":93,"column":84}},"38":{"start":{"line":95,"column":14},"end":{"line":95,"column":84}},"39":{"start":{"line":97,"column":12},"end":{"line":97,"column":47}},"40":{"start":{"line":98,"column":12},"end":{"line":98,"column":29}},"41":{"start":{"line":103,"column":4},"end":{"line":110,"column":6}},"42":{"start":{"line":104,"column":6},"end":{"line":107,"column":7}},"43":{"start":{"line":105,"column":8},"end":{"line":105,"column":25}},"44":{"start":{"line":106,"column":8},"end":{"line":106,"column":15}},"45":{"start":{"line":108,"column":6},"end":{"line":108,"column":35}},"46":{"start":{"line":109,"column":6},"end":{"line":109,"column":21}},"47":{"start":{"line":114,"column":0},"end":{"line":159,"column":3}},"48":{"start":{"line":115,"column":2},"end":{"line":120,"column":4}},"49":{"start":{"line":121,"column":2},"end":{"line":158,"column":5}},"50":{"start":{"line":127,"column":4},"end":{"line":130,"column":5}},"51":{"start":{"line":128,"column":6},"end":{"line":128,"column":16}},"52":{"start":{"line":129,"column":6},"end":{"line":129,"column":13}},"53":{"start":{"line":131,"column":4},"end":{"line":157,"column":5}},"54":{"start":{"line":132,"column":6},"end":{"line":132,"column":38}},"55":{"start":{"line":133,"column":6},"end":{"line":141,"column":8}},"56":{"start":{"line":146,"column":6},"end":{"line":146,"column":44}},"57":{"start":{"line":147,"column":6},"end":{"line":153,"column":9}},"58":{"start":{"line":148,"column":8},"end":{"line":151,"column":9}},"59":{"start":{"line":149,"column":10},"end":{"line":149,"column":20}},"60":{"start":{"line":150,"column":10},"end":{"line":150,"column":17}},"61":{"start":{"line":152,"column":8},"end":{"line":152,"column":32}},"62":{"start":{"line":154,"column":6},"end":{"line":154,"column":38}},"63":{"start":{"line":156,"column":6},"end":{"line":156,"column":37}},"64":{"start":{"line":161,"column":0},"end":{"line":161,"column":24}}},"branchMap":{"1":{"line":48,"type":"if","locations":[{"start":{"line":48,"column":4},"end":{"line":48,"column":4}},{"start":{"line":48,"column":4},"end":{"line":48,"column":4}}]},"2":{"line":52,"type":"if","locations":[{"start":{"line":52,"column":4},"end":{"line":52,"column":4}},{"start":{"line":52,"column":4},"end":{"line":52,"column":4}}]},"3":{"line":79,"type":"if","locations":[{"start":{"line":79,"column":10},"end":{"line":79,"column":10}},{"start":{"line":79,"column":10},"end":{"line":79,"column":10}}]},"4":{"line":80,"type":"if","locations":[{"start":{"line":80,"column":10},"end":{"line":80,"column":10}},{"start":{"line":80,"column":10},"end":{"line":80,"column":10}}]},"5":{"line":81,"type":"if","locations":[{"start":{"line":81,"column":12},"end":{"line":81,"column":12}},{"start":{"line":81,"column":12},"end":{"line":81,"column":12}}]},"6":{"line":92,"type":"if","locations":[{"start":{"line":92,"column":12},"end":{"line":92,"column":12}},{"start":{"line":92,"column":12},"end":{"line":92,"column":12}}]},"7":{"line":104,"type":"if","locations":[{"start":{"line":104,"column":6},"end":{"line":104,"column":6}},{"start":{"line":104,"column":6},"end":{"line":104,"column":6}}]},"8":{"line":127,"type":"if","locations":[{"start":{"line":127,"column":4},"end":{"line":127,"column":4}},{"start":{"line":127,"column":4},"end":{"line":127,"column":4}}]},"9":{"line":131,"type":"if","locations":[{"start":{"line":131,"column":4},"end":{"line":131,"column":4}},{"start":{"line":131,"column":4},"end":{"line":131,"column":4}}]},"10":{"line":148,"type":"if","locations":[{"start":{"line":148,"column":8},"end":{"line":148,"column":8}},{"start":{"line":148,"column":8},"end":{"line":148,"column":8}}]}}},"/Users/zhouhuanxiang/WebstormProjects/WeLearn/routes/student/notice.js":{"path":"/Users/zhouhuanxiang/WebstormProjects/WeLearn/routes/student/notice.js","s":{"1":1,"2":1,"3":1,"4":1,"5":1,"6":1,"7":1,"8":2,"9":2,"10":1,"11":1,"12":1},"b":{"1":[1,1]},"f":{"1":2,"2":2},"fnMap":{"1":{"name":"(anonymous_1)","line":27,"loc":{"start":{"line":27,"column":25},"end":{"line":27,"column":51}}},"2":{"name":"(anonymous_2)","line":29,"loc":{"start":{"line":29,"column":45},"end":{"line":29,"column":68}}}},"statementMap":{"1":{"start":{"line":20,"column":0},"end":{"line":20,"column":33}},"2":{"start":{"line":21,"column":0},"end":{"line":21,"column":39}},"3":{"start":{"line":22,"column":0},"end":{"line":22,"column":30}},"4":{"start":{"line":23,"column":0},"end":{"line":23,"column":46}},"5":{"start":{"line":24,"column":0},"end":{"line":24,"column":44}},"6":{"start":{"line":25,"column":0},"end":{"line":25,"column":44}},"7":{"start":{"line":27,"column":0},"end":{"line":41,"column":3}},"8":{"start":{"line":29,"column":2},"end":{"line":40,"column":4}},"9":{"start":{"line":30,"column":4},"end":{"line":39,"column":5}},"10":{"start":{"line":31,"column":6},"end":{"line":31,"column":16}},"11":{"start":{"line":33,"column":6},"end":{"line":38,"column":9}},"12":{"start":{"line":43,"column":0},"end":{"line":43,"column":24}}},"branchMap":{"1":{"line":30,"type":"if","locations":[{"start":{"line":30,"column":4},"end":{"line":30,"column":4}},{"start":{"line":30,"column":4},"end":{"line":30,"column":4}}]}}},"/Users/zhouhuanxiang/WebstormProjects/WeLearn/routes/teacher/notice.js":{"path":"/Users/zhouhuanxiang/WebstormProjects/WeLearn/routes/teacher/notice.js","s":{"1":1,"2":1,"3":1,"4":1,"5":1,"6":1,"7":1,"8":1,"9":1,"10":1,"11":2,"12":2,"13":1,"14":1,"15":1,"16":1,"17":2,"18":2,"19":2,"20":2,"21":0,"22":2,"23":2,"24":1},"b":{"1":[1,1],"2":[1,0],"3":[2,0],"4":[0,2]},"f":{"1":2,"2":2,"3":2,"4":2},"fnMap":{"1":{"name":"(anonymous_1)","line":44,"loc":{"start":{"line":44,"column":16},"end":{"line":44,"column":42}}},"2":{"name":"(anonymous_2)","line":45,"loc":{"start":{"line":45,"column":48},"end":{"line":45,"column":68}}},"3":{"name":"(anonymous_3)","line":58,"loc":{"start":{"line":58,"column":43},"end":{"line":58,"column":69}}},"4":{"name":"(anonymous_4)","line":66,"loc":{"start":{"line":66,"column":17},"end":{"line":66,"column":37}}}},"statementMap":{"1":{"start":{"line":33,"column":0},"end":{"line":33,"column":33}},"2":{"start":{"line":34,"column":0},"end":{"line":34,"column":30}},"3":{"start":{"line":35,"column":0},"end":{"line":35,"column":46}},"4":{"start":{"line":36,"column":0},"end":{"line":36,"column":44}},"5":{"start":{"line":37,"column":0},"end":{"line":37,"column":44}},"6":{"start":{"line":38,"column":0},"end":{"line":38,"column":60}},"7":{"start":{"line":40,"column":0},"end":{"line":40,"column":31}},"8":{"start":{"line":41,"column":0},"end":{"line":41,"column":48}},"9":{"start":{"line":42,"column":0},"end":{"line":42,"column":23}},"10":{"start":{"line":44,"column":0},"end":{"line":56,"column":3}},"11":{"start":{"line":45,"column":2},"end":{"line":55,"column":5}},"12":{"start":{"line":46,"column":4},"end":{"line":54,"column":5}},"13":{"start":{"line":47,"column":6},"end":{"line":47,"column":16}},"14":{"start":{"line":49,"column":6},"end":{"line":49,"column":43}},"15":{"start":{"line":50,"column":6},"end":{"line":53,"column":8}},"16":{"start":{"line":58,"column":0},"end":{"line":75,"column":3}},"17":{"start":{"line":59,"column":2},"end":{"line":64,"column":4}},"18":{"start":{"line":65,"column":2},"end":{"line":65,"column":37}},"19":{"start":{"line":66,"column":2},"end":{"line":74,"column":5}},"20":{"start":{"line":67,"column":4},"end":{"line":69,"column":5}},"21":{"start":{"line":68,"column":6},"end":{"line":68,"column":16}},"22":{"start":{"line":70,"column":4},"end":{"line":70,"column":35}},"23":{"start":{"line":71,"column":4},"end":{"line":73,"column":7}},"24":{"start":{"line":77,"column":0},"end":{"line":77,"column":24}}},"branchMap":{"1":{"line":46,"type":"if","locations":[{"start":{"line":46,"column":4},"end":{"line":46,"column":4}},{"start":{"line":46,"column":4},"end":{"line":46,"column":4}}]},"2":{"line":49,"type":"cond-expr","locations":[{"start":{"line":49,"column":26},"end":{"line":49,"column":36}},{"start":{"line":49,"column":40},"end":{"line":49,"column":42}}]},"3":{"line":63,"type":"cond-expr","locations":[{"start":{"line":63,"column":27},"end":{"line":63,"column":48}},{"start":{"line":63,"column":51},"end":{"line":63,"column":53}}]},"4":{"line":67,"type":"if","locations":[{"start":{"line":67,"column":4},"end":{"line":67,"column":4}},{"start":{"line":67,"column":4},"end":{"line":67,"column":4}}]}}}}