{"/Users/zhouhuanxiang/WebstormProjects/WeLearn/routes/student/notice.js":{"path":"/Users/zhouhuanxiang/WebstormProjects/WeLearn/routes/student/notice.js","s":{"1":1,"2":1,"3":1,"4":1,"5":1,"6":1,"7":1,"8":2,"9":2,"10":1,"11":1,"12":1},"b":{"1":[1,1]},"f":{"1":2,"2":2},"fnMap":{"1":{"name":"(anonymous_1)","line":27,"loc":{"start":{"line":27,"column":25},"end":{"line":27,"column":51}}},"2":{"name":"(anonymous_2)","line":29,"loc":{"start":{"line":29,"column":45},"end":{"line":29,"column":68}}}},"statementMap":{"1":{"start":{"line":20,"column":0},"end":{"line":20,"column":33}},"2":{"start":{"line":21,"column":0},"end":{"line":21,"column":39}},"3":{"start":{"line":22,"column":0},"end":{"line":22,"column":30}},"4":{"start":{"line":23,"column":0},"end":{"line":23,"column":46}},"5":{"start":{"line":24,"column":0},"end":{"line":24,"column":44}},"6":{"start":{"line":25,"column":0},"end":{"line":25,"column":44}},"7":{"start":{"line":27,"column":0},"end":{"line":41,"column":3}},"8":{"start":{"line":29,"column":2},"end":{"line":40,"column":4}},"9":{"start":{"line":30,"column":4},"end":{"line":39,"column":5}},"10":{"start":{"line":31,"column":6},"end":{"line":31,"column":16}},"11":{"start":{"line":33,"column":6},"end":{"line":38,"column":9}},"12":{"start":{"line":43,"column":0},"end":{"line":43,"column":24}}},"branchMap":{"1":{"line":30,"type":"if","locations":[{"start":{"line":30,"column":4},"end":{"line":30,"column":4}},{"start":{"line":30,"column":4},"end":{"line":30,"column":4}}]}}},"/Users/zhouhuanxiang/WebstormProjects/WeLearn/routes/teacher/notice.js":{"path":"/Users/zhouhuanxiang/WebstormProjects/WeLearn/routes/teacher/notice.js","s":{"1":1,"2":1,"3":1,"4":1,"5":1,"6":1,"7":1,"8":1,"9":1,"10":1,"11":2,"12":2,"13":1,"14":1,"15":1,"16":1,"17":2,"18":2,"19":2,"20":2,"21":2,"22":0,"23":2,"24":2,"25":1},"b":{"1":[1,1],"2":[1,0],"3":[0,2]},"f":{"1":2,"2":2,"3":2,"4":2},"fnMap":{"1":{"name":"(anonymous_1)","line":44,"loc":{"start":{"line":44,"column":16},"end":{"line":44,"column":42}}},"2":{"name":"(anonymous_2)","line":45,"loc":{"start":{"line":45,"column":48},"end":{"line":45,"column":68}}},"3":{"name":"(anonymous_3)","line":58,"loc":{"start":{"line":58,"column":43},"end":{"line":58,"column":69}}},"4":{"name":"(anonymous_4)","line":82,"loc":{"start":{"line":82,"column":17},"end":{"line":82,"column":37}}}},"statementMap":{"1":{"start":{"line":33,"column":0},"end":{"line":33,"column":33}},"2":{"start":{"line":34,"column":0},"end":{"line":34,"column":30}},"3":{"start":{"line":35,"column":0},"end":{"line":35,"column":46}},"4":{"start":{"line":36,"column":0},"end":{"line":36,"column":44}},"5":{"start":{"line":37,"column":0},"end":{"line":37,"column":44}},"6":{"start":{"line":38,"column":0},"end":{"line":38,"column":60}},"7":{"start":{"line":40,"column":0},"end":{"line":40,"column":31}},"8":{"start":{"line":41,"column":0},"end":{"line":41,"column":48}},"9":{"start":{"line":42,"column":0},"end":{"line":42,"column":23}},"10":{"start":{"line":44,"column":0},"end":{"line":56,"column":3}},"11":{"start":{"line":45,"column":2},"end":{"line":55,"column":5}},"12":{"start":{"line":46,"column":4},"end":{"line":54,"column":5}},"13":{"start":{"line":47,"column":6},"end":{"line":47,"column":16}},"14":{"start":{"line":49,"column":6},"end":{"line":49,"column":43}},"15":{"start":{"line":50,"column":6},"end":{"line":53,"column":8}},"16":{"start":{"line":58,"column":0},"end":{"line":91,"column":3}},"17":{"start":{"line":59,"column":2},"end":{"line":59,"column":13}},"18":{"start":{"line":60,"column":2},"end":{"line":65,"column":4}},"19":{"start":{"line":81,"column":2},"end":{"line":81,"column":37}},"20":{"start":{"line":82,"column":2},"end":{"line":90,"column":5}},"21":{"start":{"line":83,"column":4},"end":{"line":85,"column":5}},"22":{"start":{"line":84,"column":6},"end":{"line":84,"column":16}},"23":{"start":{"line":86,"column":4},"end":{"line":86,"column":35}},"24":{"start":{"line":87,"column":4},"end":{"line":89,"column":7}},"25":{"start":{"line":93,"column":0},"end":{"line":93,"column":24}}},"branchMap":{"1":{"line":46,"type":"if","locations":[{"start":{"line":46,"column":4},"end":{"line":46,"column":4}},{"start":{"line":46,"column":4},"end":{"line":46,"column":4}}]},"2":{"line":49,"type":"cond-expr","locations":[{"start":{"line":49,"column":26},"end":{"line":49,"column":36}},{"start":{"line":49,"column":40},"end":{"line":49,"column":42}}]},"3":{"line":83,"type":"if","locations":[{"start":{"line":83,"column":4},"end":{"line":83,"column":4}},{"start":{"line":83,"column":4},"end":{"line":83,"column":4}}]}}}}