TN:
SF:/Users/zhouhuanxiang/WebstormProjects/WeLearn/routes/student/login.js
FN:46,(anonymous_1)
FN:47,(anonymous_2)
FN:65,updateCourseDb
FN:72,(anonymous_4)
FN:77,(anonymous_5)
FN:78,(anonymous_6)
FN:103,(anonymous_7)
FN:114,(anonymous_8)
FN:126,(anonymous_9)
FN:147,(anonymous_10)
FNF:10
FNH:4
FNDA:3,(anonymous_1)
FNDA:3,(anonymous_2)
FNDA:0,updateCourseDb
FNDA:0,(anonymous_4)
FNDA:0,(anonymous_5)
FNDA:0,(anonymous_6)
FNDA:0,(anonymous_7)
FNDA:1,(anonymous_8)
FNDA:1,(anonymous_9)
FNDA:0,(anonymous_10)
DA:34,1
DA:35,1
DA:36,1
DA:37,1
DA:38,1
DA:39,1
DA:40,1
DA:41,1
DA:43,1
DA:46,1
DA:47,3
DA:48,3
DA:49,1
DA:50,1
DA:52,2
DA:53,1
DA:58,1
DA:65,1
DA:66,0
DA:67,0
DA:73,0
DA:74,0
DA:75,0
DA:76,0
DA:77,0
DA:78,0
DA:79,0
DA:80,0
DA:81,0
DA:82,0
DA:83,0
DA:85,0
DA:86,0
DA:89,0
DA:92,0
DA:93,0
DA:95,0
DA:97,0
DA:98,0
DA:103,0
DA:104,0
DA:105,0
DA:106,0
DA:108,0
DA:109,0
DA:114,1
DA:115,1
DA:121,1
DA:127,1
DA:128,0
DA:129,0
DA:131,1
DA:132,0
DA:133,0
DA:146,0
DA:147,0
DA:148,0
DA:149,0
DA:150,0
DA:152,0
DA:154,0
DA:156,1
DA:161,1
LF:63
LH:25
BRDA:48,1,0,1
BRDA:48,1,1,2
BRDA:52,2,0,1
BRDA:52,2,1,1
BRDA:79,3,0,0
BRDA:79,3,1,0
BRDA:80,4,0,0
BRDA:80,4,1,0
BRDA:81,5,0,0
BRDA:81,5,1,0
BRDA:92,6,0,0
BRDA:92,6,1,0
BRDA:104,7,0,0
BRDA:104,7,1,0
BRDA:127,8,0,0
BRDA:127,8,1,1
BRDA:131,9,0,0
BRDA:131,9,1,1
BRDA:148,10,0,0
BRDA:148,10,1,0
BRF:20
BRH:6
end_of_record
TN:
SF:/Users/zhouhuanxiang/WebstormProjects/WeLearn/routes/student/notice.js
FN:27,(anonymous_1)
FN:29,(anonymous_2)
FNF:2
FNH:2
FNDA:2,(anonymous_1)
FNDA:2,(anonymous_2)
DA:20,1
DA:21,1
DA:22,1
DA:23,1
DA:24,1
DA:25,1
DA:27,1
DA:29,2
DA:30,2
DA:31,1
DA:33,1
DA:43,1
LF:12
LH:12
BRDA:30,1,0,1
BRDA:30,1,1,1
BRF:2
BRH:2
end_of_record
TN:
SF:/Users/zhouhuanxiang/WebstormProjects/WeLearn/routes/teacher/notice.js
FN:44,(anonymous_1)
FN:45,(anonymous_2)
FN:58,(anonymous_3)
FN:66,(anonymous_4)
FNF:4
FNH:4
FNDA:2,(anonymous_1)
FNDA:2,(anonymous_2)
FNDA:2,(anonymous_3)
FNDA:2,(anonymous_4)
DA:33,1
DA:34,1
DA:35,1
DA:36,1
DA:37,1
DA:38,1
DA:40,1
DA:41,1
DA:42,1
DA:44,1
DA:45,2
DA:46,2
DA:47,1
DA:49,1
DA:50,1
DA:58,1
DA:59,2
DA:65,2
DA:66,2
DA:67,2
DA:68,0
DA:70,2
DA:71,2
DA:77,1
LF:24
LH:23
BRDA:46,1,0,1
BRDA:46,1,1,1
BRDA:49,2,0,1
BRDA:49,2,1,0
BRDA:63,3,0,2
BRDA:63,3,1,0
BRDA:67,4,0,0
BRDA:67,4,1,2
BRF:8
BRH:5
end_of_record
