TN:
SF:/Users/zhouhuanxiang/WebstormProjects/WeLearn/routes/student/notice.js
FN:27,(anonymous_1)
FN:29,(anonymous_2)
FNF:2
FNH:2
FNDA:2,(anonymous_1)
FNDA:2,(anonymous_2)
DA:20,1
DA:21,1
DA:22,1
DA:23,1
DA:24,1
DA:25,1
DA:27,1
DA:29,2
DA:30,2
DA:31,1
DA:33,1
DA:43,1
LF:12
LH:12
BRDA:30,1,0,1
BRDA:30,1,1,1
BRF:2
BRH:2
end_of_record
TN:
SF:/Users/zhouhuanxiang/WebstormProjects/WeLearn/routes/teacher/notice.js
FN:44,(anonymous_1)
FN:45,(anonymous_2)
FN:58,(anonymous_3)
FN:82,(anonymous_4)
FNF:4
FNH:4
FNDA:2,(anonymous_1)
FNDA:2,(anonymous_2)
FNDA:2,(anonymous_3)
FNDA:2,(anonymous_4)
DA:33,1
DA:34,1
DA:35,1
DA:36,1
DA:37,1
DA:38,1
DA:40,1
DA:41,1
DA:42,1
DA:44,1
DA:45,2
DA:46,2
DA:47,1
DA:49,1
DA:50,1
DA:58,1
DA:59,2
DA:60,2
DA:81,2
DA:82,2
DA:83,2
DA:84,0
DA:86,2
DA:87,2
DA:93,1
LF:25
LH:24
BRDA:46,1,0,1
BRDA:46,1,1,1
BRDA:49,2,0,1
BRDA:49,2,1,0
BRDA:83,3,0,0
BRDA:83,3,1,2
BRF:6
BRH:4
end_of_record
