{"/Users/zhouhuanxiang/WebstormProjects/WeLearn/handler/message_handler.js":{"path":"/Users/zhouhuanxiang/WebstormProjects/WeLearn/handler/message_handler.js","s":{"1":1,"2":1,"3":1,"4":1,"5":1,"6":1,"7":1,"8":0,"9":0,"10":0,"11":0,"12":0,"13":0,"14":1,"15":1,"16":1,"17":1,"18":3,"19":3,"20":1,"21":2,"22":1,"23":1},"b":{"1":[0,0],"2":[0,0],"3":[1,0],"4":[1,2],"5":[1,1]},"f":{"1":1,"2":0,"3":0,"4":1,"5":3,"6":3},"fnMap":{"1":{"name":"(anonymous_1)","line":6,"loc":{"start":{"line":6,"column":27},"end":{"line":6,"column":42}}},"2":{"name":"(anonymous_2)","line":10,"loc":{"start":{"line":10,"column":28},"end":{"line":10,"column":48}}},"3":{"name":"(anonymous_3)","line":11,"loc":{"start":{"line":11,"column":66},"end":{"line":11,"column":90}}},"4":{"name":"(anonymous_4)","line":35,"loc":{"start":{"line":35,"column":26},"end":{"line":35,"column":41}}},"5":{"name":"(anonymous_5)","line":40,"loc":{"start":{"line":40,"column":27},"end":{"line":40,"column":47}}},"6":{"name":"(anonymous_6)","line":41,"loc":{"start":{"line":41,"column":66},"end":{"line":41,"column":90}}}},"statementMap":{"1":{"start":{"line":1,"column":0},"end":{"line":1,"column":36}},"2":{"start":{"line":2,"column":0},"end":{"line":2,"column":27}},"3":{"start":{"line":3,"column":0},"end":{"line":3,"column":43}},"4":{"start":{"line":4,"column":0},"end":{"line":4,"column":36}},"5":{"start":{"line":6,"column":0},"end":{"line":8,"column":2}},"6":{"start":{"line":7,"column":2},"end":{"line":7,"column":48}},"7":{"start":{"line":10,"column":0},"end":{"line":33,"column":2}},"8":{"start":{"line":11,"column":2},"end":{"line":32,"column":5}},"9":{"start":{"line":12,"column":4},"end":{"line":14,"column":5}},"10":{"start":{"line":13,"column":6},"end":{"line":13,"column":28}},"11":{"start":{"line":15,"column":4},"end":{"line":31,"column":5}},"12":{"start":{"line":16,"column":6},"end":{"line":22,"column":9}},"13":{"start":{"line":24,"column":6},"end":{"line":30,"column":9}},"14":{"start":{"line":35,"column":0},"end":{"line":38,"column":2}},"15":{"start":{"line":36,"column":2},"end":{"line":37,"column":16}},"16":{"start":{"line":37,"column":4},"end":{"line":37,"column":16}},"17":{"start":{"line":40,"column":0},"end":{"line":56,"column":2}},"18":{"start":{"line":41,"column":2},"end":{"line":55,"column":5}},"19":{"start":{"line":42,"column":4},"end":{"line":54,"column":5}},"20":{"start":{"line":43,"column":6},"end":{"line":43,"column":28}},"21":{"start":{"line":44,"column":11},"end":{"line":54,"column":5}},"22":{"start":{"line":45,"column":6},"end":{"line":45,"column":27}},"23":{"start":{"line":47,"column":6},"end":{"line":53,"column":9}}},"branchMap":{"1":{"line":12,"type":"if","locations":[{"start":{"line":12,"column":4},"end":{"line":12,"column":4}},{"start":{"line":12,"column":4},"end":{"line":12,"column":4}}]},"2":{"line":15,"type":"if","locations":[{"start":{"line":15,"column":4},"end":{"line":15,"column":4}},{"start":{"line":15,"column":4},"end":{"line":15,"column":4}}]},"3":{"line":36,"type":"if","locations":[{"start":{"line":36,"column":2},"end":{"line":36,"column":2}},{"start":{"line":36,"column":2},"end":{"line":36,"column":2}}]},"4":{"line":42,"type":"if","locations":[{"start":{"line":42,"column":4},"end":{"line":42,"column":4}},{"start":{"line":42,"column":4},"end":{"line":42,"column":4}}]},"5":{"line":44,"type":"if","locations":[{"start":{"line":44,"column":11},"end":{"line":44,"column":11}},{"start":{"line":44,"column":11},"end":{"line":44,"column":11}}]}}},"/Users/zhouhuanxiang/WebstormProjects/WeLearn/handler/oauth_handler.js":{"path":"/Users/zhouhuanxiang/WebstormProjects/WeLearn/handler/oauth_handler.js","s":{"1":1,"2":1,"3":1,"4":1,"5":1,"6":1,"7":1,"8":1},"b":{},"f":{"1":1},"fnMap":{"1":{"name":"(anonymous_1)","line":8,"loc":{"start":{"line":8,"column":26},"end":{"line":8,"column":49}}}},"statementMap":{"1":{"start":{"line":1,"column":0},"end":{"line":1,"column":36}},"2":{"start":{"line":2,"column":0},"end":{"line":2,"column":36}},"3":{"start":{"line":4,"column":0},"end":{"line":4,"column":57}},"4":{"start":{"line":5,"column":0},"end":{"line":5,"column":16}},"5":{"start":{"line":6,"column":0},"end":{"line":6,"column":26}},"6":{"start":{"line":8,"column":0},"end":{"line":11,"column":2}},"7":{"start":{"line":10,"column":2},"end":{"line":10,"column":59}},"8":{"start":{"line":13,"column":0},"end":{"line":13,"column":24}}},"branchMap":{}}}