TN:
SF:/Users/zhouhuanxiang/WebstormProjects/WeLearn/handler/message_handler.js
FN:6,(anonymous_1)
FN:10,(anonymous_2)
FN:11,(anonymous_3)
FN:35,(anonymous_4)
FN:40,(anonymous_5)
FN:41,(anonymous_6)
FNF:6
FNH:4
FNDA:1,(anonymous_1)
FNDA:0,(anonymous_2)
FNDA:0,(anonymous_3)
FNDA:1,(anonymous_4)
FNDA:3,(anonymous_5)
FNDA:3,(anonymous_6)
DA:1,1
DA:2,1
DA:3,1
DA:4,1
DA:6,1
DA:7,1
DA:10,1
DA:11,0
DA:12,0
DA:13,0
DA:15,0
DA:16,0
DA:24,0
DA:35,1
DA:36,1
DA:37,1
DA:40,1
DA:41,3
DA:42,3
DA:43,1
DA:44,2
DA:45,1
DA:47,1
LF:23
LH:17
BRDA:12,1,0,0
BRDA:12,1,1,0
BRDA:15,2,0,0
BRDA:15,2,1,0
BRDA:36,3,0,1
BRDA:36,3,1,0
BRDA:42,4,0,1
BRDA:42,4,1,2
BRDA:44,5,0,1
BRDA:44,5,1,1
BRF:10
BRH:5
end_of_record
TN:
SF:/Users/zhouhuanxiang/WebstormProjects/WeLearn/handler/oauth_handler.js
FN:8,(anonymous_1)
FNF:1
FNH:1
FNDA:1,(anonymous_1)
DA:1,1
DA:2,1
DA:4,1
DA:5,1
DA:6,1
DA:8,1
DA:10,1
DA:13,1
LF:8
LH:8
BRF:0
BRH:0
end_of_record
